This is pdfeTeX, Version 3.141592-1.30.4-2.2 (Web2C 7.5.5) (format=pdflatex 2006.11.9)  25 JUL 2012 11:59
entering extended mode
\write18 enabled.
**main_GreenBook.Rnw
(./main_GreenBook.Rnw
LaTeX2e <2005/12/01>
Babel <v3.8d> and hyphenation patterns for american, french, german, ngerman, b
ahasa, basque, bulgarian, catalan, croatian, czech, danish, dutch, esperanto, e
stonian, finnish, greek, icelandic, irish, italian, latin, magyar, norsk, polis
h, portuges, romanian, russian, serbian, slovak, slovene, spanish, swedish, tur
kish, ukrainian, nohyphenation, loaded.
(/usr/local/teTeX/share/texmf.local/tex/latex/base/article.cls
Document Class: article 2005/09/16 v1.4f Standard LaTeX document class
(/usr/local/teTeX/share/texmf.local/tex/latex/base/size10.clo
File: size10.clo 2005/09/16 v1.4f Standard LaTeX file (size option)
)
\c@part=\count79
\c@section=\count80
\c@subsection=\count81
\c@subsubsection=\count82
\c@paragraph=\count83
\c@subparagraph=\count84
\c@figure=\count85
\c@table=\count86
\abovecaptionskip=\skip41
\belowcaptionskip=\skip42
\bibindent=\dimen102
)
(/usr/local/teTeX/share/texmf.tetex/tex/latex/preprint/fullpage.sty
Package: fullpage 1999/02/23 1.1 (PWD)
\FP@margin=\skip43
)
(/usr/local/teTeX/share/texmf.tetex/tex/latex/natbib/natbib.sty
Package: natbib 2003/06/06 7.1 (PWD)
\bibhang=\skip44
\bibsep=\skip45
LaTeX Info: Redefining \cite on input line 518.
\c@NAT@ctr=\count87
)
(/usr/local/teTeX/share/texmf.tetex/tex/latex/setspace/setspace.sty
Package: setspace 2000/12/01 6.7 Contributed and Supported LaTeX2e package

Package: `setspace' 6.7 <2000/12/01>
) (/usr/local/teTeX/share/texmf.tetex/tex/latex/hyperref/hyperref.sty
Package: hyperref 2003/11/30 v6.74m Hypertext links for LaTeX

(/usr/local/teTeX/share/texmf.local/tex/latex/graphics/keyval.sty
Package: keyval 1999/03/16 v1.13 key=value parser (DPC)
\KV@toks@=\toks14
)
\@linkdim=\dimen103
\Hy@linkcounter=\count88
\Hy@pagecounter=\count89

(/usr/local/teTeX/share/texmf.tetex/tex/latex/hyperref/pd1enc.def
File: pd1enc.def 2003/11/30 v6.74m Hyperref: PDFDocEncoding definition (HO)
)
(/usr/local/teTeX/share/texmf.tetex/tex/latex/hyperref/hyperref.cfg
File: hyperref.cfg 2002/06/06 v1.2 hyperref configuration of TeXLive and teTeX
)
Package hyperref Info: Hyper figures OFF on input line 1880.
Package hyperref Info: Link nesting OFF on input line 1885.
Package hyperref Info: Hyper index ON on input line 1888.
Package hyperref Info: Plain pages ON on input line 1893.
Package hyperref Info: Backreferencing OFF on input line 1900.

Implicit mode ON; LaTeX internals redefined
Package hyperref Info: Bookmarks ON on input line 2004.
(/usr/local/teTeX/share/texmf.tetex/tex/latex/url/url.sty
\Urlmuskip=\muskip10
Package: url 2004/03/15  ver 3.1  Verb mode for urls, etc.
)
LaTeX Info: Redefining \url on input line 2143.
\Fld@menulength=\count90
\Field@Width=\dimen104
\Fld@charsize=\dimen105
\Choice@toks=\toks15
\Field@toks=\toks16
Package hyperref Info: Hyper figures OFF on input line 2618.
Package hyperref Info: Link nesting OFF on input line 2623.
Package hyperref Info: Hyper index ON on input line 2626.
Package hyperref Info: backreferencing OFF on input line 2633.
Package hyperref Info: Link coloring OFF on input line 2638.
\c@Item=\count91
\c@Hfootnote=\count92
)
*hyperref using default driver hpdftex*
(/usr/local/teTeX/share/texmf.tetex/tex/latex/hyperref/hpdftex.def
File: hpdftex.def 2003/11/30 v6.74m Hyperref driver for pdfTeX

(/usr/local/teTeX/share/texmf.tetex/tex/latex/psnfss/pifont.sty
Package: pifont 2004/09/15 PSNFSS-v9.2 Pi font support (SPQR) 
LaTeX Font Info:    Try loading font information for U+pzd on input line 63.

(/usr/local/teTeX/share/texmf.tetex/tex/latex/psnfss/upzd.fd
File: upzd.fd 2001/06/04 font definitions for U/pzd.
)
LaTeX Font Info:    Try loading font information for U+psy on input line 64.

(/usr/local/teTeX/share/texmf.tetex/tex/latex/psnfss/upsy.fd
File: upsy.fd 2001/06/04 font definitions for U/psy.
))
\Fld@listcount=\count93
\@outlinefile=\write3
)
Package hyperref Info: Option `colorlinks' set `true' on input line 20.

(/usr/local/teTeX/share/texmf.local/tex/latex/tools/dcolumn.sty
Package: dcolumn 2001/05/28 v1.06 decimal alignment package (DPC)

(/usr/local/teTeX/share/texmf.local/tex/latex/tools/array.sty
Package: array 2005/08/23 v2.4b Tabular extension package (FMi)
\col@sep=\dimen106
\extrarowheight=\dimen107
\NC@list=\toks17
\extratabsurround=\skip46
\backup@length=\skip47
))
(/usr/local/teTeX/share/texmf.tetex/tex/latex/booktabs/booktabs.sty
Package: booktabs 2003/03/28 v1.618 publication quality tables
\heavyrulewidth=\dimen108
\lightrulewidth=\dimen109
\cmidrulewidth=\dimen110
\belowrulesep=\dimen111
\belowbottomsep=\dimen112
\aboverulesep=\dimen113
\abovetopsep=\dimen114
\cmidrulesep=\dimen115
\cmidrulekern=\dimen116
\defaultaddspace=\dimen117
\@cmidla=\count94
\@cmidlb=\count95
\@aboverulesep=\dimen118
\@belowrulesep=\dimen119
\@thisruleclass=\count96
\@lastruleclass=\count97
\@thisrulewidth=\dimen120
)
(/usr/local/teTeX/share/texmf.gwtex/tex/latex/pgf/frontendlayer/tikz.sty
(/usr/local/teTeX/share/texmf.gwtex/tex/latex/pgf/basiclayer/pgf.sty
(/usr/local/teTeX/share/texmf.gwtex/tex/latex/pgf/utilities/pgfrcs.sty
(/usr/local/teTeX/share/texmf.gwtex/tex/generic/pgf/utilities/pgfrcs.code.tex
Package: pgfrcs 2005/10/23 v1.00 (rcs-revision 1.7)
))
Package: pgf 2005/09/05 v1.00 (rcs-revision 1.4)
(/usr/local/teTeX/share/texmf.gwtex/tex/latex/pgf/basiclayer/pgfcore.sty
(/usr/local/teTeX/share/texmf.local/tex/latex/graphics/graphicx.sty
Package: graphicx 1999/02/16 v1.0f Enhanced LaTeX Graphics (DPC,SPQR)

(/usr/local/teTeX/share/texmf.local/tex/latex/graphics/graphics.sty
Package: graphics 2006/02/20 v1.0o Standard LaTeX Graphics (DPC,SPQR)

(/usr/local/teTeX/share/texmf.local/tex/latex/graphics/trig.sty
Package: trig 1999/03/16 v1.09 sin cos tan (DPC)
)
(/usr/local/teTeX/share/texmf.tetex/tex/latex/graphics/graphics.cfg
File: graphics.cfg 2005/02/03 v1.3 graphics configuration of teTeX/TeXLive
)
Package graphics Info: Driver file: pdftex.def on input line 90.

(/usr/local/teTeX/share/texmf.tetex/tex/latex/graphics/pdftex.def
File: pdftex.def 2002/06/19 v0.03k graphics/color for pdftex
\Gread@gobject=\count98
))
\Gin@req@height=\dimen121
\Gin@req@width=\dimen122
)
(/usr/local/teTeX/share/texmf.gwtex/tex/latex/pgf/systemlayer/pgfsys.sty
(/usr/local/teTeX/share/texmf.gwtex/tex/generic/pgf/systemlayer/pgfsys.code.tex
Package: pgfsys 2005/10/18 v1.00 (rcs-revision 1.9)
\pgf@x=\dimen123
\pgf@y=\dimen124
\pgf@xa=\dimen125
\pgf@ya=\dimen126
\pgf@xb=\dimen127
\pgf@yb=\dimen128
\pgf@xc=\dimen129
\pgf@yc=\dimen130
(/usr/local/teTeX/share/texmf.gwtex/tex/generic/pgf/systemlayer/pgf.cfg
File: pgf.cfg 2005/06/29 (rcs-revision 1.1.1.1)
)
Package pgfsys Info: Driver file for pgf: pgfsys-pdftex.def on input line 759.

(/usr/local/teTeX/share/texmf.gwtex/tex/generic/pgf/systemlayer/pgfsys-pdftex.d
ef
File: pgfsys-pdftex.def 2005/10/06 (rcs-revision 1.4)

(/usr/local/teTeX/share/texmf.gwtex/tex/generic/pgf/systemlayer/pgfsys-common-p
df.def
File: pgfsys-common-pdf.def 2005/10/18 (rcs-revision 1.4)
)))
(/usr/local/teTeX/share/texmf.gwtex/tex/generic/pgf/systemlayer/pgfsyssoftpath.
code.tex
File: pgfsyssoftpath.code.tex 2005/06/29 (rcs-revision 1.1.1.1)
)
(/usr/local/teTeX/share/texmf.gwtex/tex/generic/pgf/systemlayer/pgfsysprotocol.
code.tex
File: pgfsysprotocol.code.tex 2005/06/29 (rcs-revision 1.1.1.1)
)) (/usr/local/teTeX/share/texmf.tetex/tex/latex/xcolor/xcolor.sty
Package: xcolor 2004/07/04 v2.00 LaTeX color extensions (UK)

(/usr/local/teTeX/share/texmf.tetex/tex/latex/graphics/color.cfg
File: color.cfg 2005/02/03 v1.3 color configuration of teTeX/TeXLive
)
Package xcolor Info: Driver file: pdftex.def on input line 136.
Package xcolor Info: Color model `cmy' added on input line 972.
Package xcolor Info: Color model `hsb' added on input line 980.
Package xcolor Info: Color model `HTML' added on input line 1000.
Package xcolor Info: Color model `HSB' added on input line 1006.
Package xcolor Info: Color model `Gray' added on input line 1012.
)
(/usr/local/teTeX/share/texmf.gwtex/tex/generic/pgf/basiclayer/pgfcore.code.tex
Package: pgfcore 2005/07/06 v1.00 (rcs-revision 1.2)

(/usr/local/teTeX/share/texmf.gwtex/tex/generic/pgf/basiclayer/pgfcoremath.code
.tex
File: pgfcoremath.code.tex 2005/06/29 (rcs-revision 1.1.1.1)
\c@pgf@counta=\count99
\c@pgf@countb=\count100
\c@pgf@countc=\count101
\c@pgf@countd=\count102
)
(/usr/local/teTeX/share/texmf.gwtex/tex/generic/pgf/basiclayer/pgfcorepoints.co
de.tex
File: pgfcorepoints.code.tex 2005/06/29 (rcs-revision 1.1.1.1)
\pgf@picminx=\dimen131
\pgf@picmaxx=\dimen132
\pgf@picminy=\dimen133
\pgf@picmaxy=\dimen134
\pgf@pathminx=\dimen135
\pgf@pathmaxx=\dimen136
\pgf@pathminy=\dimen137
\pgf@pathmaxy=\dimen138
\pgf@tempdim=\dimen139
\c@pgf@tempcount=\count103
\pgf@xx=\dimen140
\pgf@xy=\dimen141
\pgf@yx=\dimen142
\pgf@yy=\dimen143
\pgf@zx=\dimen144
\pgf@zy=\dimen145
)
(/usr/local/teTeX/share/texmf.gwtex/tex/generic/pgf/basiclayer/pgfcorepathconst
ruction.code.tex
File: pgfcorepathconstruction.code.tex 2005/09/30 (rcs-revision 1.2)
\pgf@path@lastx=\dimen146
\pgf@path@lasty=\dimen147
)
(/usr/local/teTeX/share/texmf.gwtex/tex/generic/pgf/basiclayer/pgfcorepathusage
.code.tex
File: pgfcorepathusage.code.tex 2005/07/17 (rcs-revision 1.2)
\pgf@shorten@end@additional=\dimen148
\pgf@shorten@start@additional=\dimen149
)
(/usr/local/teTeX/share/texmf.gwtex/tex/generic/pgf/basiclayer/pgfcorescopes.co
de.tex
File: pgfcorescopes.code.tex 2005/10/14 (rcs-revision 1.9)
\pgfpic=\box26
\pgf@hbox=\box27
\pgf@layerbox@main=\box28
)
(/usr/local/teTeX/share/texmf.gwtex/tex/generic/pgf/basiclayer/pgfcoregraphicst
ate.code.tex
File: pgfcoregraphicstate.code.tex 2005/09/21 (rcs-revision 1.3)
\pgflinewidth=\dimen150
)
(/usr/local/teTeX/share/texmf.gwtex/tex/generic/pgf/basiclayer/pgfcoretransform
ations.code.tex
File: pgfcoretransformations.code.tex 2005/06/29 (rcs-revision 1.1.1.1)
\pgf@pt@x=\dimen151
\pgf@pt@y=\dimen152
\pgf@pt@temp=\dimen153
)
(/usr/local/teTeX/share/texmf.gwtex/tex/generic/pgf/basiclayer/pgfcorequick.cod
e.tex
File: pgfcorequick.code.tex 2005/06/29 (rcs-revision 1.1.1.1)
)
(/usr/local/teTeX/share/texmf.gwtex/tex/generic/pgf/basiclayer/pgfcoreobjects.c
ode.tex
File: pgfcoreobjects.code.tex 2005/06/29 (rcs-revision 1.1.1.1)
)
(/usr/local/teTeX/share/texmf.gwtex/tex/generic/pgf/basiclayer/pgfcorepathproce
ssing.code.tex
File: pgfcorepathprocessing.code.tex 2005/10/03 (rcs-revision 1.2)
)
(/usr/local/teTeX/share/texmf.gwtex/tex/generic/pgf/basiclayer/pgfcorearrows.co
de.tex
File: pgfcorearrows.code.tex 2005/07/10 (rcs-revision 1.2)
)
(/usr/local/teTeX/share/texmf.gwtex/tex/generic/pgf/basiclayer/pgfcoreshade.cod
e.tex
File: pgfcoreshade.code.tex 2005/07/17 (rcs-revision 1.3)
\pgf@max=\dimen154
\pgf@sys@shading@range@num=\count104
)))
(/usr/local/teTeX/share/texmf.gwtex/tex/latex/pgf/basiclayer/pgfbaseshapes.sty
(/usr/local/teTeX/share/texmf.gwtex/tex/generic/pgf/basiclayer/pgfbaseshapes.co
de.tex
Package: pgfbaseshapes 2005/10/13 v1.00 (rcs-revision 1.9)
\pgfnodeparttextbox=\box29
))
(/usr/local/teTeX/share/texmf.gwtex/tex/latex/pgf/basiclayer/pgfbaseplot.sty
(/usr/local/teTeX/share/texmf.gwtex/tex/generic/pgf/basiclayer/pgfbaseplot.code
.tex
Package: pgfbaseplot 2005/07/06 v1.00 (rcs-revision 1.2)
\pgf@plotwrite=\write4
))
(/usr/local/teTeX/share/texmf.gwtex/tex/latex/pgf/basiclayer/pgfbaseimage.sty
(/usr/local/teTeX/share/texmf.gwtex/tex/generic/pgf/basiclayer/pgfbaseimage.cod
e.tex
Package: pgfbaseimage 2005/07/06 v1.00 (rcs-revision 1.2)
))
(/usr/local/teTeX/share/texmf.gwtex/tex/latex/pgf/basiclayer/pgfbaselayers.sty
(/usr/local/teTeX/share/texmf.gwtex/tex/generic/pgf/basiclayer/pgfbaselayers.co
de.tex
Package: pgfbaselayers 2005/08/13 v1.00 (rcs-revision 1.1)
))
(/usr/local/teTeX/share/texmf.gwtex/tex/latex/pgf/basiclayer/pgfbasesnakes.sty
(/usr/local/teTeX/share/texmf.gwtex/tex/generic/pgf/basiclayer/pgfbasesnakes.co
de.tex
Package: pgfbasesnakes 2005/10/10 v1.00 (rcs-revision 1.5)
\pgfsnakeremainingdistance=\dimen155
\pgfsnakecompleteddistance=\dimen156
))
(/usr/local/teTeX/share/texmf.gwtex/tex/latex/pgf/compatibility/pgfcompatibilit
y-version-0-65.sty
Package: pgfcompatibility-version-0-65 2005/07/18 v1.00 (rcs-revision 1.4)
\pgf@nodesepstart=\dimen157
\pgf@nodesepend=\dimen158
))
(/usr/local/teTeX/share/texmf.local/tex/latex/tools/calc.sty
Package: calc 2005/08/06 v4.2 Infix arithmetic (KKT,FJ)
\calc@Acount=\count105
\calc@Bcount=\count106
\calc@Adimen=\dimen159
\calc@Bdimen=\dimen160
\calc@Askip=\skip48
\calc@Bskip=\skip49
LaTeX Info: Redefining \setlength on input line 75.
LaTeX Info: Redefining \addtolength on input line 76.
\calc@Ccount=\count107
\calc@Cskip=\skip50
)
(/usr/local/teTeX/share/texmf.gwtex/tex/latex/pgf/utilities/pgffor.sty
(/usr/local/teTeX/share/texmf.gwtex/tex/generic/pgf/utilities/pgffor.code.tex
Package: pgffor 2005/07/06 v1.00 (rcs-revision 1.2)
\pgffor@iter=\dimen161
\pgffor@skip=\dimen162
))
(/usr/local/teTeX/share/texmf.gwtex/tex/latex/pgf/libraries/pgflibraryplothandl
ers.sty
(/usr/local/teTeX/share/texmf.gwtex/tex/generic/pgf/libraries/pgflibraryplothan
dlers.code.tex
Package: pgflibraryplothandlers 2005/07/06 v1.00 (rcs-revision 1.3)
\pgfplotmarksize=\dimen163
))
(/usr/local/teTeX/share/texmf.tetex/tex/latex/xkeyval/xkeyval.sty
Package: xkeyval 2005/01/30 v2.0 package option processing (HA)

(/usr/local/teTeX/share/texmf.tetex/tex/generic/xkeyval/xkeyval.tex
\XKV@toks=\toks18
File: xkeyval.tex 2005/01/30 v2.0 key=value parser (HA)
))
(/usr/local/teTeX/share/texmf.gwtex/tex/generic/pgf/frontendlayer/tikz.code.tex
Package: tikz 2005/10/18 v1.00 (rcs-revision 1.32)
\tikz@lastx=\dimen164
\tikz@lasty=\dimen165
\tikz@lastxsaved=\dimen166
\tikz@lastysaved=\dimen167
\tikzleveldistance=\dimen168
\tikzsiblingdistance=\dimen169
\tikz@figbox=\box30
\tikz@tempbox=\box31
\tikztreelevel=\count108
\tikznumberofchildren=\count109
\tikznumberofcurrentchild=\count110
\tikz@fig@count=\count111
\tikz@expandcount=\count112
)) (/usr/local/teTeX/share/texmf.local/tex/latex/base/inputenc.sty
Package: inputenc 2006/03/04 v1.1b Input encoding file
\inpenc@prehook=\toks19
\inpenc@posthook=\toks20

(/usr/local/teTeX/share/texmf.local/tex/latex/base/utf8.def
File: utf8.def 2006/03/30 v1.1i UTF-8 support for inputenc
Now handling font encoding OML ...
... no UTF-8 mapping file for font encoding OML
Now handling font encoding T1 ...
... processing UTF-8 mapping file for font encodingT1

(/usr/local/teTeX/share/texmf.local/tex/latex/base/t1enc.dfu
File: t1enc.dfu 2006/03/30 v1.1i UTF-8 support for inputenc
   defining Unicode char U+00A1 (decimal 161)
   defining Unicode char U+00A3 (decimal 163)
   defining Unicode char U+00AB (decimal 171)
   defining Unicode char U+00BB (decimal 187)
   defining Unicode char U+00BF (decimal 191)
   defining Unicode char U+00C0 (decimal 192)
   defining Unicode char U+00C1 (decimal 193)
   defining Unicode char U+00C2 (decimal 194)
   defining Unicode char U+00C3 (decimal 195)
   defining Unicode char U+00C4 (decimal 196)
   defining Unicode char U+00C5 (decimal 197)
   defining Unicode char U+00C6 (decimal 198)
   defining Unicode char U+00C7 (decimal 199)
   defining Unicode char U+00C8 (decimal 200)
   defining Unicode char U+00C9 (decimal 201)
   defining Unicode char U+00CA (decimal 202)
   defining Unicode char U+00CB (decimal 203)
   defining Unicode char U+00CC (decimal 204)
   defining Unicode char U+00CD (decimal 205)
   defining Unicode char U+00CE (decimal 206)
   defining Unicode char U+00CF (decimal 207)
   defining Unicode char U+00D0 (decimal 208)
   defining Unicode char U+00D1 (decimal 209)
   defining Unicode char U+00D2 (decimal 210)
   defining Unicode char U+00D3 (decimal 211)
   defining Unicode char U+00D4 (decimal 212)
   defining Unicode char U+00D5 (decimal 213)
   defining Unicode char U+00D6 (decimal 214)
   defining Unicode char U+00D8 (decimal 216)
   defining Unicode char U+00D9 (decimal 217)
   defining Unicode char U+00DA (decimal 218)
   defining Unicode char U+00DB (decimal 219)
   defining Unicode char U+00DC (decimal 220)
   defining Unicode char U+00DD (decimal 221)
   defining Unicode char U+00DE (decimal 222)
   defining Unicode char U+00DF (decimal 223)
   defining Unicode char U+00E0 (decimal 224)
   defining Unicode char U+00E1 (decimal 225)
   defining Unicode char U+00E2 (decimal 226)
   defining Unicode char U+00E3 (decimal 227)
   defining Unicode char U+00E4 (decimal 228)
   defining Unicode char U+00E5 (decimal 229)
   defining Unicode char U+00E6 (decimal 230)
   defining Unicode char U+00E7 (decimal 231)
   defining Unicode char U+00E8 (decimal 232)
   defining Unicode char U+00E9 (decimal 233)
   defining Unicode char U+00EA (decimal 234)
   defining Unicode char U+00EB (decimal 235)
   defining Unicode char U+00EC (decimal 236)
   defining Unicode char U+00ED (decimal 237)
   defining Unicode char U+00EE (decimal 238)
   defining Unicode char U+00EF (decimal 239)
   defining Unicode char U+00F0 (decimal 240)
   defining Unicode char U+00F1 (decimal 241)
   defining Unicode char U+00F2 (decimal 242)
   defining Unicode char U+00F3 (decimal 243)
   defining Unicode char U+00F4 (decimal 244)
   defining Unicode char U+00F5 (decimal 245)
   defining Unicode char U+00F6 (decimal 246)
   defining Unicode char U+00F8 (decimal 248)
   defining Unicode char U+00F9 (decimal 249)
   defining Unicode char U+00FA (decimal 250)
   defining Unicode char U+00FB (decimal 251)
   defining Unicode char U+00FC (decimal 252)
   defining Unicode char U+00FD (decimal 253)
   defining Unicode char U+00FE (decimal 254)
   defining Unicode char U+00FF (decimal 255)
   defining Unicode char U+0102 (decimal 258)
   defining Unicode char U+0103 (decimal 259)
   defining Unicode char U+0104 (decimal 260)
   defining Unicode char U+0105 (decimal 261)
   defining Unicode char U+0106 (decimal 262)
   defining Unicode char U+0107 (decimal 263)
   defining Unicode char U+010C (decimal 268)
   defining Unicode char U+010D (decimal 269)
   defining Unicode char U+010E (decimal 270)
   defining Unicode char U+010F (decimal 271)
   defining Unicode char U+0110 (decimal 272)
   defining Unicode char U+0111 (decimal 273)
   defining Unicode char U+0118 (decimal 280)
   defining Unicode char U+0119 (decimal 281)
   defining Unicode char U+011A (decimal 282)
   defining Unicode char U+011B (decimal 283)
   defining Unicode char U+011E (decimal 286)
   defining Unicode char U+011F (decimal 287)
   defining Unicode char U+0130 (decimal 304)
   defining Unicode char U+0131 (decimal 305)
   defining Unicode char U+0132 (decimal 306)
   defining Unicode char U+0133 (decimal 307)
   defining Unicode char U+0139 (decimal 313)
   defining Unicode char U+013A (decimal 314)
   defining Unicode char U+013D (decimal 317)
   defining Unicode char U+013E (decimal 318)
   defining Unicode char U+0141 (decimal 321)
   defining Unicode char U+0142 (decimal 322)
   defining Unicode char U+0143 (decimal 323)
   defining Unicode char U+0144 (decimal 324)
   defining Unicode char U+0147 (decimal 327)
   defining Unicode char U+0148 (decimal 328)
   defining Unicode char U+014A (decimal 330)
   defining Unicode char U+014B (decimal 331)
   defining Unicode char U+0150 (decimal 336)
   defining Unicode char U+0151 (decimal 337)
   defining Unicode char U+0152 (decimal 338)
   defining Unicode char U+0153 (decimal 339)
   defining Unicode char U+0154 (decimal 340)
   defining Unicode char U+0155 (decimal 341)
   defining Unicode char U+0158 (decimal 344)
   defining Unicode char U+0159 (decimal 345)
   defining Unicode char U+015A (decimal 346)
   defining Unicode char U+015B (decimal 347)
   defining Unicode char U+015E (decimal 350)
   defining Unicode char U+015F (decimal 351)
   defining Unicode char U+0160 (decimal 352)
   defining Unicode char U+0161 (decimal 353)
   defining Unicode char U+0162 (decimal 354)
   defining Unicode char U+0163 (decimal 355)
   defining Unicode char U+0164 (decimal 356)
   defining Unicode char U+0165 (decimal 357)
   defining Unicode char U+016E (decimal 366)
   defining Unicode char U+016F (decimal 367)
   defining Unicode char U+0170 (decimal 368)
   defining Unicode char U+0171 (decimal 369)
   defining Unicode char U+0178 (decimal 376)
   defining Unicode char U+0179 (decimal 377)
   defining Unicode char U+017A (decimal 378)
   defining Unicode char U+017B (decimal 379)
   defining Unicode char U+017C (decimal 380)
   defining Unicode char U+017D (decimal 381)
   defining Unicode char U+017E (decimal 382)
   defining Unicode char U+200C (decimal 8204)
   defining Unicode char U+2013 (decimal 8211)
   defining Unicode char U+2014 (decimal 8212)
   defining Unicode char U+2018 (decimal 8216)
   defining Unicode char U+2019 (decimal 8217)
   defining Unicode char U+201A (decimal 8218)
   defining Unicode char U+201C (decimal 8220)
   defining Unicode char U+201D (decimal 8221)
   defining Unicode char U+201E (decimal 8222)
   defining Unicode char U+2030 (decimal 8240)
   defining Unicode char U+2031 (decimal 8241)
   defining Unicode char U+2039 (decimal 8249)
   defining Unicode char U+203A (decimal 8250)
   defining Unicode char U+2423 (decimal 9251)
)
Now handling font encoding OT1 ...
... processing UTF-8 mapping file for font encodingOT1

(/usr/local/teTeX/share/texmf.local/tex/latex/base/ot1enc.dfu
File: ot1enc.dfu 2006/03/30 v1.1i UTF-8 support for inputenc
   defining Unicode char U+00A1 (decimal 161)
   defining Unicode char U+00A3 (decimal 163)
   defining Unicode char U+00B8 (decimal 184)
   defining Unicode char U+00BF (decimal 191)
   defining Unicode char U+00C5 (decimal 197)
   defining Unicode char U+00C6 (decimal 198)
   defining Unicode char U+00D8 (decimal 216)
   defining Unicode char U+00DF (decimal 223)
   defining Unicode char U+00E6 (decimal 230)
   defining Unicode char U+00EC (decimal 236)
   defining Unicode char U+00ED (decimal 237)
   defining Unicode char U+00EE (decimal 238)
   defining Unicode char U+00EF (decimal 239)
   defining Unicode char U+00F8 (decimal 248)
   defining Unicode char U+0131 (decimal 305)
   defining Unicode char U+0141 (decimal 321)
   defining Unicode char U+0142 (decimal 322)
   defining Unicode char U+0152 (decimal 338)
   defining Unicode char U+0153 (decimal 339)
   defining Unicode char U+2013 (decimal 8211)
   defining Unicode char U+2014 (decimal 8212)
   defining Unicode char U+2018 (decimal 8216)
   defining Unicode char U+2019 (decimal 8217)
   defining Unicode char U+201C (decimal 8220)
   defining Unicode char U+201D (decimal 8221)
)
Now handling font encoding OMS ...
... processing UTF-8 mapping file for font encodingOMS

(/usr/local/teTeX/share/texmf.local/tex/latex/base/omsenc.dfu
File: omsenc.dfu 2006/03/30 v1.1i UTF-8 support for inputenc
   defining Unicode char U+00A7 (decimal 167)
   defining Unicode char U+00B6 (decimal 182)
   defining Unicode char U+00B7 (decimal 183)
   defining Unicode char U+2020 (decimal 8224)
   defining Unicode char U+2021 (decimal 8225)
   defining Unicode char U+2022 (decimal 8226)
)
Now handling font encoding OMX ...
... no UTF-8 mapping file for font encoding OMX
Now handling font encoding U ...
... no UTF-8 mapping file for font encoding U
Now handling font encoding PD1 ...
... no UTF-8 mapping file for font encoding PD1
   defining Unicode char U+00A9 (decimal 169)
   defining Unicode char U+00AA (decimal 170)
   defining Unicode char U+00AE (decimal 174)
   defining Unicode char U+00BA (decimal 186)
   defining Unicode char U+02C6 (decimal 710)
   defining Unicode char U+02DC (decimal 732)
   defining Unicode char U+200C (decimal 8204)
   defining Unicode char U+2026 (decimal 8230)
   defining Unicode char U+2122 (decimal 8482)
   defining Unicode char U+2423 (decimal 9251)
))
No file main_GreenBook.aux.
\openout1 = `main_GreenBook.aux'.

LaTeX Font Info:    Checking defaults for OML/cmm/m/it on input line 32.
LaTeX Font Info:    ... okay on input line 32.
LaTeX Font Info:    Checking defaults for T1/cmr/m/n on input line 32.
LaTeX Font Info:    ... okay on input line 32.
LaTeX Font Info:    Checking defaults for OT1/cmr/m/n on input line 32.
LaTeX Font Info:    ... okay on input line 32.
LaTeX Font Info:    Checking defaults for OMS/cmsy/m/n on input line 32.
LaTeX Font Info:    ... okay on input line 32.
LaTeX Font Info:    Checking defaults for OMX/cmex/m/n on input line 32.
LaTeX Font Info:    ... okay on input line 32.
LaTeX Font Info:    Checking defaults for U/cmr/m/n on input line 32.
LaTeX Font Info:    ... okay on input line 32.
LaTeX Font Info:    Checking defaults for PD1/pdf/m/n on input line 32.
LaTeX Font Info:    ... okay on input line 32.
Package hyperref Info: Link coloring ON on input line 32.
(/usr/local/teTeX/share/texmf.tetex/tex/latex/hyperref/nameref.sty
Package: nameref 2003/12/03 v2.21 Cross-referencing by name of section
\c@section@level=\count113
)
LaTeX Info: Redefining \ref on input line 32.
LaTeX Info: Redefining \pageref on input line 32.
\openout3 = `main_GreenBook.out'.


(/usr/local/teTeX/share/texmf.local/tex/context/base/supp-pdf.tex
(/usr/local/teTeX/share/texmf.local/tex/context/base/supp-mis.tex
loading : Context Support Macros / Miscellaneous (2004.10.26)
\protectiondepth=\count114
\scratchcounter=\count115
\scratchtoks=\toks21
\scratchdimen=\dimen170
\scratchskip=\skip51
\scratchmuskip=\muskip11
\scratchbox=\box32
\scratchread=\read1
\scratchwrite=\write5
\zeropoint=\dimen171
\onepoint=\dimen172
\onebasepoint=\dimen173
\minusone=\count116
\thousandpoint=\dimen174
\onerealpoint=\dimen175
\emptytoks=\toks22
\nextbox=\box33
\nextdepth=\dimen176
\everyline=\toks23
\!!counta=\count117
\!!countb=\count118
\recursecounter=\count119
)
loading : Context Support Macros / PDF (2004.03.26)
\nofMPsegments=\count120
\nofMParguments=\count121
\MPscratchCnt=\count122
\MPscratchDim=\dimen177
\MPnumerator=\count123
\everyMPtoPDFconversion=\toks24
)
! Undefined control sequence.
l.34 \SweaveOpts
                {concordance=TRUE}
? 
[1

{/usr/local/teTeX/share/texmf.local/fonts/map/pdftex/updmap/pdftex.map}]
LaTeX Font Info:    External font `cmex10' loaded for size
(Font)              <12> on input line 37.
LaTeX Font Info:    External font `cmex10' loaded for size
(Font)              <8> on input line 37.
LaTeX Font Info:    External font `cmex10' loaded for size
(Font)              <6> on input line 37.
LaTeX Font Info:    External font `cmex10' loaded for size
(Font)              <9> on input line 40.
LaTeX Font Info:    External font `cmex10' loaded for size
(Font)              <5> on input line 40.


Package natbib Warning: Citation `knitr2012' on page 2 undefined on input line 
40.


Package natbib Warning: Citation `Clark2011' on page 2 undefined on input line 
41.


Package natbib Warning: Citation `Clark2011' on page 2 undefined on input line 
51.

[2]
LaTeX Font Info:    External font `cmex10' loaded for size
(Font)              <7> on input line 69.


Package natbib Warning: Citation `Brayton1997' undefined on input line 69.


Underfull \hbox (badness 10000) in paragraph at lines 71--71
[][][]\OT1/cmr/m/n/8 Green Book data can be found at [][]$\OT1/cmtt/m/n/8 http 
: / / www . phil . frb . org / research-[]and-[]data / real-[]time-[]center /
 []


LaTeX Warning: Reference `Karamouzis1989,Reifschneider1997' on page 3 undefined
 on input line 71.

[3]

LaTeX Warning: Reference `absolute' on page 4 undefined on input line 75.

! You can't use `macro parameter character #' in internal vertical mode.
l.89     #
          ## Load data
? 
! You can't use `macro parameter character #' in internal vertical mode.
l.89     ##
           # Load data
? 
! You can't use `macro parameter character #' in internal vertical mode.
l.89     ###
             Load data
? 
! You can't use `macro parameter character #' in internal vertical mode.
l.91     #
           Load data from GitHub
? 
! Missing $ inserted.
<inserted text> 
                $
l.92 ...ristophergandrud/GreenBook/master/Data/GB_
                                                  FRED_cpi.csv"
? 
! Missing $ inserted.
<inserted text> 
                $
l.95 
     
? 
! Missing } inserted.
<inserted text> 
                }
l.95 
     
? 
! Extra }, or forgotten \endgroup.
\par ...m \@noitemerr {\@@par }\fi \else {\@@par }
                                                  \fi 
l.95 
     
? 
! You can't use `macro parameter character #' in internal vertical mode.
l.96     #
          # Other data loading options
? 
! You can't use `macro parameter character #' in internal vertical mode.
l.96     ##
            Other data loading options
? 
! You can't use `macro parameter character #' in horizontal mode.
l.97     #
          cpi.data <- read.csv("/git_repositories/GreenBook/Data/GB_FRED_cpi...

? 
! Missing $ inserted.
<inserted text> 
                $
l.97     #cpi.data <- read.csv("/git_
                                     repositories/GreenBook/Data/GB_FRED_cpi...

? 
! You can't use `macro parameter character #' in math mode.
l.97 ...itories/GreenBook/Data/GB_FRED_cpi.csv") #
                                                   Load data locally from Ch...

? 
! You can't use `macro parameter character #' in math mode.
l.98     #
           cpi.data <- read.dta("http://dl.dropbox.com/u/12581470/code/Repli...

? 
! You can't use `macro parameter character #' in math mode.
l.98 ...ability_code/GreenBook/GB_FRED_cpi.dta") #
                                                   Load data from Dropbox
? 
! Missing $ inserted.
<inserted text> 
                $
l.99 
     
? 
! Missing } inserted.
<inserted text> 
                }
l.99 
     
? 

Overfull \hbox (79.74364pt too wide) in paragraph at lines 96--99
 \OT1/cmr/m/n/10 read.csv("/git$[]\OML/cmm/m/it/10 epositories=GreenBook=Data=G
B[]RED[]pi:csv\OT1/cmr/m/n/10 ")\OML/cmm/m/it/10 LoaddatalocallyfromChristopher
[]scomputercpi:data < 
 []


Overfull \hbox (33.26093pt too wide) in paragraph at lines 96--99
 \OML/cmm/m/it/10 ==dl:dropbox:com=u=\OT1/cmr/m/n/10 12581470\OML/cmm/m/it/10 =
code=Replicability[]ode=GreenBook=GB[]RED[]pi:dta\OT1/cmr/m/n/10 ")\OML/cmm/m/i
t/10 LoaddatafromDropbox[]$ 
 []

! Extra }, or forgotten \endgroup.
\par ...m \@noitemerr {\@@par }\fi \else {\@@par }
                                                  \fi 
l.99 
     
? 
! You can't use `macro parameter character #' in internal vertical mode.
l.100     #
           ## Melt data, i.e. reshape
? 
! You can't use `macro parameter character #' in internal vertical mode.
l.100     ##
            # Melt data, i.e. reshape
? 
! You can't use `macro parameter character #' in internal vertical mode.
l.100     ###
              Melt data, i.e. reshape
? 
! Missing $ inserted.
<inserted text> 
                $
l.101 ...pi.data, id = "Quarter", measure = c("GB_
                                                  CPI_QTR2", "deflator"))
? 
! Missing $ inserted.
<inserted text> 
                $
l.102 
      
? 
! Missing } inserted.
<inserted text> 
                }
l.102 
      
? 
! Extra }, or forgotten \endgroup.
\par ...m \@noitemerr {\@@par }\fi \else {\@@par }
                                                  \fi 
l.102 
      
? 
! You can't use `macro parameter character #' in internal vertical mode.
l.103     #
           ## Rename variables
? 
! You can't use `macro parameter character #' in internal vertical mode.
l.103     ##
            # Rename variables
? 
! You can't use `macro parameter character #' in internal vertical mode.
l.103     ###
              Rename variables
? 
! You can't use `macro parameter character #' in internal vertical mode.
l.107     #
           ## Colours
? 
! You can't use `macro parameter character #' in internal vertical mode.
l.107     ##
            # Colours
? 
! You can't use `macro parameter character #' in internal vertical mode.
l.107     ###
              Colours
? 
! You can't use `macro parameter character #' in horizontal mode.
l.108     absolute.colors <- c("Forecast" = "#
                                              B35B40", "Actual" = "#000000")
? 
! You can't use `macro parameter character #' in horizontal mode.
l.108 ...- c("Forecast" = "#B35B40", "Actual" = "#
                                                  000000")
? 
! You can't use `macro parameter character #' in internal vertical mode.
l.110     #
           ## Create line graph
? 
! You can't use `macro parameter character #' in internal vertical mode.
l.110     ##
            # Create line graph
? 
! You can't use `macro parameter character #' in internal vertical mode.
l.110     ###
              Create line graph
? 
! Missing $ inserted.
<inserted text> 
                $
l.113                         scale_
                                    color_manual(values = absolute.colors, n...

? 
! Missing $ inserted.
<inserted text> 
                $
l.121 
      
? 
! Missing } inserted.
<inserted text> 
                }
l.121 
      
? 
! Extra }, or forgotten \endgroup.
\par ...m \@noitemerr {\@@par }\fi \else {\@@par }
                                                  \fi 
l.121 
      
? 

LaTeX Warning: Reference `absolute' on page 4 undefined on input line 140.


Package natbib Warning: Citation `Brayton1997' undefined on input line 148.

[4] [5] [6]

Package natbib Warning: Citation `Bruck2006' on page 7 undefined on input line 
175.


LaTeX Warning: Reference `errors_over_time' on page 7 undefined on input line 1
77.


Package natbib Warning: Citation `Bartels1985' on page 7 undefined on input lin
e 179.


LaTeX Warning: Reference `absolute' on page 7 undefined on input line 179.

! You can't use `macro parameter character #' in internal vertical mode.
l.191     #
           ### Clean up data and create forecast error variable
? 
! You can't use `macro parameter character #' in internal vertical mode.
l.191     ##
            ## Clean up data and create forecast error variable
? 
! You can't use `macro parameter character #' in internal vertical mode.
l.191     ###
             # Clean up data and create forecast error variable
? 
! You can't use `macro parameter character #' in internal vertical mode.
l.191     ####
               Clean up data and create forecast error variable
? 
! Missing $ inserted.
<inserted text> 
                $
l.192 ...$pres_party_name <- factor(cpi.data$pres_
                                                  party, label = c("Rep", "D...

? 
! Missing $ inserted.
<inserted text> 
                $
l.194 
      
? 
! Missing } inserted.
<inserted text> 
                }
l.194 
      
? 
! Extra }, or forgotten \endgroup.
\par ...m \@noitemerr {\@@par }\fi \else {\@@par }
                                                  \fi 
l.194 
      
? 
! You can't use `macro parameter character #' in internal vertical mode.
l.195     #
           # Create FRB/Global Model Variable
? 
! You can't use `macro parameter character #' in internal vertical mode.
l.195     ##
             Create FRB/Global Model Variable
? 
! You can't use `macro parameter character #' in internal vertical mode.
l.200     #
           ### Partisan colours
? 
! You can't use `macro parameter character #' in internal vertical mode.
l.200     ##
            ## Partisan colours
? 
! You can't use `macro parameter character #' in internal vertical mode.
l.200     ###
             # Partisan colours
? 
! You can't use `macro parameter character #' in internal vertical mode.
l.200     ####
               Partisan colours
? 
! You can't use `macro parameter character #' in horizontal mode.
l.201     partisan.colors = c("Rep" = "#
                                        C42B00", "Dem" = "#2259B3")
? 
! You can't use `macro parameter character #' in horizontal mode.
l.201 ....colors = c("Rep" = "#C42B00", "Dem" = "#
                                                  2259B3")
? 
! You can't use `macro parameter character #' in internal vertical mode.
l.203     #
           # Remove 2 quarters from Johnson presidency
? 
! You can't use `macro parameter character #' in internal vertical mode.
l.203     ##
             Remove 2 quarters from Johnson presidency
? 
! You can't use `macro parameter character #' in internal vertical mode.
l.208     #
           # Error region +/- 10 percent
? 
! You can't use `macro parameter character #' in internal vertical mode.
l.208     ##
             Error region +/- 10 percent
? 
! You can't use `macro parameter character #' in internal vertical mode.
l.211     #
           # Create graph
? 
! You can't use `macro parameter character #' in internal vertical mode.
l.211     ##
             Create graph
? 
! Missing $ inserted.
<inserted text> 
                $
l.213                     geom_
                               point(aes(color = pres_party_name)) +
? 
! Double subscript.
l.219                     scale_x_
                                  continuous(limits=c(1968, 2006)) +
? 
! Missing $ inserted.
<inserted text> 
                $
l.225 
      
? 
! Missing } inserted.
<inserted text> 
                }
l.225 
      
? 
! Extra }, or forgotten \endgroup.
\par ...m \@noitemerr {\@@par }\fi \else {\@@par }
                                                  \fi 
l.225 
      
? 

Package natbib Warning: Citation `Ho2007' on page 7 undefined on input line 245
.

[7]

Package natbib Warning: Citation `Diamond2012' on page 8 undefined on input lin
e 249.


Package natbib Warning: Citation `Cochran1973' on page 8 undefined on input lin
e 249.

[8]

Package natbib Warning: Citation `Ho2007' on page 9 undefined on input line 251
.


Package natbib Warning: Citation `matchit2011' on page 9 undefined on input lin
e 251.


Package natbib Warning: Citation `matchit2011' on page 9 undefined on input lin
e 253.


Package natbib Warning: Citation `Diamond2012' on page 9 undefined on input lin
e 253.


Package natbib Warning: Citation `matchit2011' on page 9 undefined on input lin
e 253.


Package natbib Warning: Citation `Diamond2012' on page 9 undefined on input lin
e 255.


Package natbib Warning: Citation `Diamond2012' on page 9 undefined on input lin
e 255.


Package natbib Warning: Citation `Zelig2012' on page 9 undefined on input line 
257.


Package natbib Warning: Citation `Imai2008' on page 9 undefined on input line 2
57.


Package natbib Warning: Citation `Ho2007' on page 9 undefined on input line 257
.

[9] [10]

Package natbib Warning: Citation `Goodrich2007' on page 11 undefined on input l
ine 281.


LaTeX Warning: Reference `OutputNL' on page 11 undefined on input line 291.


LaTeX Warning: Reference `OutputEL' on page 11 undefined on input line 291.


LaTeX Warning: Reference `OutputPL' on page 11 undefined on input line 291.


LaTeX Warning: Reference `OutputNB' on page 11 undefined on input line 291.


LaTeX Warning: Reference `OutputPB' on page 11 undefined on input line 291.


LaTeX Warning: Reference `CoefComparePlots' on page 11 undefined on input line 
293.


Overfull \hbox (6.78305pt too wide) in paragraph at lines 295--297
[]\OT1/cmr/m/n/10 <<MainAnalysis, warn-ing=FALSE, echo=FALSE, mes-sage=FALSE, r
e-sults='hide'>>= li-brary(devtools) 
 []

! You can't use `macro parameter character #' in vertical mode.
l.298     #
            Run main analysis source code
? 
! Missing $ inserted.
<inserted text> 
                $
l.300     source_
                 url(AnalysisURL)
? 
! Missing $ inserted.
<inserted text> 
                $
l.301 
      
? 

Overfull \hbox (175.04617pt too wide) in paragraph at lines 298--301
[]\OT1/cmr/m/n/10 Run main anal-y-sis source code Anal-y-sisURL <- "https://raw
.github.com/christophergandrud/GreenBook/master/Analysis/MainAnalysis2.R"
 []

! You can't use `macro parameter character #' in vertical mode.
l.302     #
            Local
? 
! You can't use `macro parameter character #' in horizontal mode.
l.303     #
            source("/git_repositories/GreenBook/Analysis/MainAnalysis2.R")
? 
! Missing $ inserted.
<inserted text> 
                $
l.303     # source("/git_
                         repositories/GreenBook/Analysis/MainAnalysis2.R")
? 
! Missing $ inserted.
<inserted text> 
                $
l.305 
      
? 
! You can't use `macro parameter character #' in internal vertical mode.
l.313     #
            source("/git_repositories/GreenBook/Analysis/BasicAnalysisCoefPl...

? 
! Missing $ inserted.
<inserted text> 
                $
l.313     # source("/git_
                         repositories/GreenBook/Analysis/BasicAnalysisCoefPl...

? 
! Missing $ inserted.
<inserted text> 
                $
l.314 
      
? 
! Missing } inserted.
<inserted text> 
                }
l.314 
      
? 
! Extra }, or forgotten \endgroup.
\par ...m \@noitemerr {\@@par }\fi \else {\@@par }
                                                  \fi 
l.314 
      
? 
! You can't use `macro parameter character #' in internal vertical mode.
l.315     #
            Create plots
? 
! Missing $ inserted.
<inserted text> 
                $
l.317     source_
                 url(CoefPlotsURL)
? 
! Missing $ inserted.
<inserted text> 
                $
l.318 
      
? 
! Missing } inserted.
<inserted text> 
                }
l.318 
      
? 
! Extra }, or forgotten \endgroup.
\par ...m \@noitemerr {\@@par }\fi \else {\@@par }
                                                  \fi 
l.318 
      
? 
[11]

Package natbib Warning: Citation `Clark2011' on page 12 undefined on input line
 335.


LaTeX Warning: Reference `CoefComparePlots' on page 12 undefined on input line 
343.

[12]
! Missing $ inserted.
<inserted text> 
                $
l.355 source_
             url(URL)
? 
! Missing $ inserted.
<inserted text> 
                $
l.356 
      
? 
! Missing } inserted.
<inserted text> 
                }
l.356 
      
? 
! Extra }, or forgotten \endgroup.
\par ...m \@noitemerr {\@@par }\fi \else {\@@par }
                                                  \fi 
l.356 
      
? 

LaTeX Warning: Reference `OutputPL' on page 13 undefined on input line 360.


LaTeX Warning: Reference `OutputPL' on page 13 undefined on input line 364.


LaTeX Warning: Reference `ExpectValueParty' on page 13 undefined on input line 
364.

! Undefined control sequence.
l.364 ...the Fed overestimates inflation by \Sexpr
                                                  {format(mean(ModelParty.ev...

? 
! Undefined control sequence.
l.364 ...s to an average inflation error of \Sexpr
                                                  {format(mean(ModelParty.ev...

? 

Overfull \hbox (45.12685pt too wide) in paragraph at lines 364--365
\OT1/cmr/m/n/10 2) per-cent. This com-pares to an av-er-age in-fla-tion er-ror 
of format(mean(ModelParty.ev$\OML/cmm/m/it/10 value\OT1/cmr/m/n/10 [\OML/cmm/m/
it/10 ModelParty:ev$\OT1/cmr/m/n/10 variable
 []

[13]

Package natbib Warning: Citation `Krause2000' on page 14 undefined on input lin
e 382.


Package natbib Warning: Citation `Krause2000' on page 14 undefined on input lin
e 382.

! Missing $ inserted.
<inserted text> 
                $
l.393     source_
                 url(InterURL)
? 
! Missing $ inserted.
<inserted text> 
                $
l.394 
      
? 
! Missing } inserted.
<inserted text> 
                }
l.394 
      
? 

Overfull \hbox (4.65807pt too wide) in paragraph at lines 392--394
 \OT1/cmr/m/n/10 "https://raw.github.com/christophergandrud/GreenBook/master/An
alysis/PresCongressInteractions.R" 
 []

! Extra }, or forgotten \endgroup.
\par ...m \@noitemerr {\@@par }\fi \else {\@@par }
                                                  \fi 
l.394 
      
? 

LaTeX Warning: Reference `OutputPL' on page 14 undefined on input line 399.


LaTeX Warning: Reference `InterPlot' on page 14 undefined on input line 403.

[14]

LaTeX Warning: Reference `InterPlot' on page 15 undefined on input line 405.

! Undefined control sequence.
<argument> ...labelname \@empty There is a \Sexpr 
                                                  {format(mean(PL10Bound$val...
l.405 ...entage point difference between the two.}
                                                   and there is considerable...

? 
! Misplaced alignment tab character &.
<argument> ...variable == "Democratic President" &
                                                   PL10Bound$Congress == "Re...
l.405 ...entage point difference between the two.}
                                                   and there is considerable...

? 
! Misplaced alignment tab character &.
<argument> ...variable == "Democratic President" &
                                                   PL10Bound$Congress == "De...
l.405 ...entage point difference between the two.}
                                                   and there is considerable...

? 
[15] [16]
! You can't use `macro parameter character #' in internal vertical mode.
l.434     #
            Model names & Coefficient Names -- Use A for all non-mathced models

? 
! Misplaced alignment tab character &.
l.434     # Model names &
                          Coefficient Names -- Use A for all non-mathced models

? 
! You can't use `macro parameter character #' in internal vertical mode.
l.438     #
            Table of non-matched models with ls
? 
! You can't use `macro parameter character #' in internal vertical mode.
l.462     #
            Model names & Coefficient Names -- Use B for all ElectionPeriod ...

? 
! Misplaced alignment tab character &.
l.462     # Model names &
                          Coefficient Names -- Use B for all ElectionPeriod ...

? 
! You can't use `macro parameter character #' in internal vertical mode.
l.466     #
            Table of non-matched models with ls
? 
! You can't use `macro parameter character #' in internal vertical mode.
l.496     #
            Model names & Coefficient Names -- Use C for all ElectionPeriod ...

? 
! Misplaced alignment tab character &.
l.496     # Model names &
                          Coefficient Names -- Use C for all ElectionPeriod ...

? 
! You can't use `macro parameter character #' in internal vertical mode.
l.500     #
            Table of non-matched models with ls
? 
! You can't use `macro parameter character #' in horizontal mode.
l.516 #
        Load packages
? 
! You can't use `macro parameter character #' in vertical mode.
l.520 #
        Get the model summary
? 
! Missing $ inserted.
<inserted text> 
                $
l.523 
      
? 

Overfull \hbox (41.52292pt too wide) in paragraph at lines 520--523
[]\OT1/cmr/m/n/10 Get the model sum-mary NB1Summary <- sum-mary(NB1) NB1Summary
 <- data.frame(NB1Summary$\OML/cmm/m/it/10 summary\OT1/cmr/m/n/10 )$ 
 []

! You can't use `macro parameter character #' in vertical mode.
l.524 #
        Clean up variable names
? 
[17

]
Overfull \hbox (1.1628pt too wide) in paragraph at lines 527--530
[]\OT1/cmr/m/n/10 NB1Summary <- re-name(NB1Summary, c(X2.5. = "2.5NB1Summary <-
 re-name(NB1Summary, c(X50.
 []

! You can't use `macro parameter character #' in vertical mode.
l.531 #
        Clean up Covariate Labels
? 
! You can't use `macro parameter character #' in horizontal mode.
l.543 #
        Get the model summary
? 
! Missing $ inserted.
<inserted text> 
                $
l.546 
      
? 
! You can't use `macro parameter character #' in vertical mode.
l.547 #
        Clean up variable names
? 

Overfull \hbox (48.53328pt too wide) in paragraph at lines 555--557
\OT1/cmr/m/n/10 "Out-putPB", align = c("l", "l", "c", "c", "c", "c", "c")), cap
-tion.placement=getOption("xtable.caption.placement",
 []

[18]
No file main_GreenBook.bbl.

Package natbib Warning: There were undefined citations.

(./main_GreenBook.aux)

LaTeX Warning: There were undefined references.


LaTeX Warning: Label(s) may have changed. Rerun to get cross-references right.

 ) 
Here is how much of TeX's memory you used:
 6160 strings out of 94412
 95164 string characters out of 1172319
 2152643 words of memory out of 4604207
 9124 multiletter control sequences out of 10000+50000
 11800 words of font info for 41 fonts, out of 2000000 for 2000
 582 hyphenation exceptions out of 5000
 46i,8n,44p,1751b,292s stack positions out of 5000i,500n,6000p,200000b,40000s
PDF statistics:
 244 PDF objects out of 300000
 76 named destinations out of 131072
 17 words of extra memory for PDF output out of 10000
</usr/local/teTeX/share/texmf.tetex/fonts/type1/bluesky/cm/cmsy8.pfb></usr/lo
cal/teTeX/share/texmf.tetex/fonts/type1/bluesky/cm/cmbx7.pfb></usr/local/teTeX/
share/texmf.tetex/fonts/type1/bluesky/cm/cmsy6.pfb></usr/local/teTeX/share/texm
f.tetex/fonts/type1/bluesky/cm/cmmi6.pfb></usr/local/teTeX/share/texmf.tetex/fo
nts/type1/bluesky/cm/cmmi8.pfb></usr/local/teTeX/share/texmf.tetex/fonts/type1/
bluesky/cm/cmtt10.pfb></usr/local/teTeX/share/texmf.tetex/fonts/type1/bluesky/c
m/cmti10.pfb></usr/local/teTeX/share/texmf.tetex/fonts/type1/bluesky/cm/cmti7.p
fb></usr/local/teTeX/share/texmf.tetex/fonts/type1/bluesky/cm/cmsy10.pfb></usr/
local/teTeX/share/texmf.tetex/fonts/type1/bluesky/cm/cmsy7.pfb></usr/local/teTe
X/share/texmf.tetex/fonts/type1/bluesky/cm/cmmi7.pfb></usr/local/teTeX/share/te
xmf.tetex/fonts/type1/bluesky/cm/cmmi10.pfb></usr/local/teTeX/share/texmf.tetex
/fonts/type1/bluesky/cm/cmr7.pfb></usr/local/teTeX/share/texmf.tetex/fonts/type
1/bluesky/cm/cmbx12.pfb></usr/local/teTeX/share/texmf.tetex/fonts/type1/bluesky
/cm/cmbx8.pfb></usr/local/teTeX/share/texmf.tetex/fonts/type1/bluesky/cm/cmtt8.
pfb></usr/local/teTeX/share/texmf.tetex/fonts/type1/bluesky/cm/cmr8.pfb></usr/l
ocal/teTeX/share/texmf.tetex/fonts/type1/bluesky/cm/cmbx10.pfb></usr/local/teTe
X/share/texmf.tetex/fonts/type1/bluesky/cm/cmr9.pfb></usr/local/teTeX/share/tex
mf.tetex/fonts/type1/bluesky/cm/cmr6.pfb></usr/local/teTeX/share/texmf.tetex/fo
nts/type1/bluesky/cm/cmti9.pfb></usr/local/teTeX/share/texmf.tetex/fonts/type1/
bluesky/cm/cmbx9.pfb></usr/local/teTeX/share/texmf.tetex/fonts/type1/bluesky/cm
/cmr12.pfb></usr/local/teTeX/share/texmf.tetex/fonts/type1/bluesky/cm/cmr17.pfb
></usr/local/teTeX/share/texmf.tetex/fonts/type1/bluesky/cm/cmr10.pfb>
Output written on main_GreenBook.pdf (18 pages, 250033 bytes).
